therion 6.1.7+3bfbd5d+dev (2023-05-25)
  - using Proj 9.2.0, compiled against 9.2.0
checking optional fonts csr10 csti10 csbx10 csss10 csssi10 ... OK
checking optional fonts cmcyr10 cmcti10 cmcbx10 cmcss10 cmcssi10 ... OK
configuration file: thconfig.thcfg
reading ... done
reading source files ... done
preprocessing database ... done
output coordinate system: UTM16
meridian convergence (deg): -0.1850
geomag declinations (deg):
  2023.1.1  -4.0994
  2024.1.1  -4.1605
scanning centreline tree ... done
searching for centerline loops ... done
calculating station coordinates ... done
processing survey data ... 
####################### cavern log file ########################
 1> Survex 1.4.3
 2> Copyright © 1990-2021 Olly Betts
 3> 
 4> Survey contains 110 survey stations, joined by 109 shots.
 5> There are 2 loops.
 6> Survey has 3 connected components.
 7> Total length of survey shots =   26.76m (  26.76m adjusted)
 8> Total plan length of survey shots =   25.38m
 9> Total vertical length of survey shots =    7.12m
10> Vertical range = 6.12m (from 107 at 164.05m to 59 at 157.92m)
11> North-South range = 21.94m (from 105 at 3991632.14m to 2 at 3991610.20m)
12> East-West range = 23.72m (from 105 at 528313.96m to 27 at 528290.24m)
13>  102 1-nodes.
14>    1 8-node.
15>    1 9-node.
16>    1 11-node.
17>    1 12-node.
18>    1 14-node.
19>    1 16-node.
20>    1 18-node.
21>    1 28-node.
22> 
######################### transcription ########################
 4> 110 : ent@survey -- 109 : A9@trip_1_survey.survey
 5> 2 : .@trip_1_survey.survey
 6> 3 : .@trip_1_survey.survey
10> 107 : .@trip_1_survey.survey -- 59 : .@trip_1_survey.survey
11> 105 : .@trip_1_survey.survey -- 2 : .@trip_1_survey.survey
12> 105 : .@trip_1_survey.survey -- 27 : .@trip_1_survey.survey
13> 102 : .@trip_1_survey.survey
14> 1 : A1@trip_1_survey.survey
15> 1 : A1@trip_1_survey.survey
16> 1 : A1@trip_1_survey.survey
17> 1 : A1@trip_1_survey.survey
18> 1 : A1@trip_1_survey.survey
19> 1 : A1@trip_1_survey.survey
20> 1 : A1@trip_1_survey.survey
21> 1 : A1@trip_1_survey.survey
#################### end of cavern log file ####################
done
calculating basic statistics ... done
processing extended elevation ... done
processing references ... done
selecting export objects ... done
writing output/lineplots/Snakehead Cave Model.3d ... done
writing output/lineplots/shapefiles ... 
processing projection plan ... done
average distortion: 0.16%
.
therion: warning -- trip_1_scrap@trip_1_survey.survey -- invalid scrap outline
..done
writing output/lineplots/Snakehead Cave Model.plt ... done
writing output/lineplots/Snakehead Cave Model.sql ... done
writing output/lineplots/Snakehead Cave Model.lox ... done
writing output/lineplots/Snakehead Cave KML.kml ... done


############### export maps & scraps selection #################
M   160.17 map_1@survey ()
M   160.17 trip_1_map@trip_1_survey.survey ()
S   160.10 SNAKE_HEAD-1p1@trip_1_survey.survey ()
S   159.40 trip_1_scrap@trip_1_survey.survey ()
S   161.01 SNAKE_HEAD-1p2@trip_1_survey.survey ()
########## end of export maps & scraps selection ###############
writing output/maps/final/Snakehead Cave Plan.pdf ...
processing projection none ... done
####################### metapost log file ########################
This is MetaPost, version 2.02 (TeX Live 2022) (kpathsea version 6.3.4)  14 JUN 2023 19:18
**data.mp
(/usr/local/texlive/2022/texmf-dist/metapost/base/mpost.mp
(/usr/local/texlive/2022/texmf-dist/metapost/base/plain.mp
Preloading the plain mem file, version 1.005) ) (./data.mp
{randomseed:=42}
 [1] [2] [3] [4]
[5] [6] [7] [8] [9] [10] [11] [12] [13] [14]
[1] [2] [3] [4] [5] [6]
[Warning: scrap outline intersects itself in scrap SNAKE_HEAD-xx0@trip_1_survey
.survey] [7] [8] [9] [10] [11] [12] (./mptextmp.mp) [13] [14] [15] [16] [17]
[18] [19] [20] [21] [22] [23] [24] [25] [26] [27] [28] [29] [30] [31] [32]
[33] )
 
Here is how much of MetaPost's memory you used:
 5928 strings using 126871 characters
 3439816 bytes of node memory
 1876 symbolic tokens
 8i,82n,13p,548b,5f stack positions out of 16i,98n,16p,608b,6f
47 output files written: data-patt.1 .. data.33


#################### end of metapost log file ####################
converting scraps ... done
making map ... done
######################## pdftex log file #########################
This is pdfTeX, Version 3.141592653-2.6-1.40.24 (TeX Live 2022) (preloaded format=pdftex 2022.9.8)  14 JUN 2023 19:18
entering extended mode
 restricted \write18 enabled.
 %&-line parsing enabled.
**data.tex
(./data.tex (./th_enc.tex) (./th_texts.tex) (./th_resources.tex
(/usr/local/texlive/2022/texmf-dist/tex/generic/pdftex/glyphtounicode.tex))
(./th_fontdef.tex{/usr/local/texlive/2022/texmf-var/fonts/map/pdftex/updmap/pdf
tex.map})
(./th_formdef.tex) (./th_pagedef.tex (./th_legend.tex)) (./th_pages.tex)
 98 numeric registers used out of 32768

[1] ) 
Here is how much of TeX's memory you used:
 324 strings out of 494594
 4398 string characters out of 6146452
 40550 words of memory out of 5000000
 1979 multiletter control sequences out of 15000+600000
 21229 words of font info for 66 fonts, out of 8000000 for 9000
 1416 hyphenation exceptions out of 8191
 12i,5n,7p,316b,76s stack positions out of 10000i,1000n,20000p,200000b,200000s
</usr/local/texlive/2022/texmf-dist/fonts/type1/public/amsfonts/cm/cmss10.
pfb></usr/local/texlive/2022/texmf-dist/fonts/type1/public/amsfonts/cm/cmssi10.
pfb>
Output written on data.pdf (1 page, 76797 bytes).
PDF statistics:
 133 PDF objects out of 1000 (max. 8388607)
 70 compressed objects within 1 object stream
 0 named destinations out of 1000 (max. 500000)
 353 words of extra memory for PDF output out of 10000 (max. 10000000)


##################### end of pdftex log file #####################
done


############### export maps & scraps selection #################
M   160.17 map_1@survey ()
M   160.17 trip_1_map@trip_1_survey.survey ()
S   160.10 SNAKE_HEAD-1p1@trip_1_survey.survey ()
S   159.40 trip_1_scrap@trip_1_survey.survey ()
S   161.01 SNAKE_HEAD-1p2@trip_1_survey.survey ()
########## end of export maps & scraps selection ###############
writing output/maps/final/Snakehead Cave Plan (No Labels).pdf ...
####################### metapost log file ########################
This is MetaPost, version 2.02 (TeX Live 2022) (kpathsea version 6.3.4)  14 JUN 2023 19:18
**data.mp
(/usr/local/texlive/2022/texmf-dist/metapost/base/mpost.mp
(/usr/local/texlive/2022/texmf-dist/metapost/base/plain.mp
Preloading the plain mem file, version 1.005) ) (./data.mp
{randomseed:=42}
 [1] [2] [3] [4]
[5] [6] [7] [8] [9] [10] [11] [12] [13] [14]
[1] [2] [3] [4] [5] [6]
[Warning: scrap outline intersects itself in scrap SNAKE_HEAD-xx0@trip_1_survey
.survey] [7] [8] [9] [10] [11] [12] (./mptextmp.mp) [13] [14] [15] [16] [17]
[18] [19] [20] [21] [22] [23] [24] [25] [26] [27] [28] [29] [30] [31] [32]
[33] [34] )
 
Here is how much of MetaPost's memory you used:
 5917 strings using 126819 characters
 3454216 bytes of node memory
 1875 symbolic tokens
 8i,82n,13p,312b,4f stack positions out of 16i,98n,16p,312b,6f
48 output files written: data-patt.1 .. data.34


#################### end of metapost log file ####################
converting scraps ... done
making map ... done
######################## pdftex log file #########################
This is pdfTeX, Version 3.141592653-2.6-1.40.24 (TeX Live 2022) (preloaded format=pdftex 2022.9.8)  14 JUN 2023 19:18
entering extended mode
 restricted \write18 enabled.
 %&-line parsing enabled.
**data.tex
(./data.tex (./th_enc.tex) (./th_texts.tex) (./th_resources.tex
(/usr/local/texlive/2022/texmf-dist/tex/generic/pdftex/glyphtounicode.tex))
(./th_fontdef.tex{/usr/local/texlive/2022/texmf-var/fonts/map/pdftex/updmap/pdf
tex.map})
(./th_formdef.tex) (./th_pagedef.tex (./th_legend.tex)) (./th_pages.tex)
 99 numeric registers used out of 32768

[1] ) 
Here is how much of TeX's memory you used:
 325 strings out of 494594
 4405 string characters out of 6146452
 42010 words of memory out of 5000000
 1980 multiletter control sequences out of 15000+600000
 21229 words of font info for 66 fonts, out of 8000000 for 9000
 1416 hyphenation exceptions out of 8191
 12i,5n,7p,319b,76s stack positions out of 10000i,1000n,20000p,200000b,200000s
</usr/local/texlive/2022/texmf-dist/fonts/type1/public/amsfonts/cm/cmss10.
pfb></usr/local/texlive/2022/texmf-dist/fonts/type1/public/amsfonts/cm/cmssi10.
pfb>
Output written on data.pdf (1 page, 78983 bytes).
PDF statistics:
 135 PDF objects out of 1000 (max. 8388607)
 71 compressed objects within 1 object stream
 0 named destinations out of 1000 (max. 500000)
 359 words of extra memory for PDF output out of 10000 (max. 10000000)


##################### end of pdftex log file #####################
done


############### export maps & scraps selection #################
M   160.17 map_1@survey ()
M   160.17 trip_1_map@trip_1_survey.survey ()
S   160.10 SNAKE_HEAD-1p1@trip_1_survey.survey ()
S   159.40 trip_1_scrap@trip_1_survey.survey ()
S   161.01 SNAKE_HEAD-1p2@trip_1_survey.survey ()
########## end of export maps & scraps selection ###############
writing output/maps/final/Snakehead Cave Plan (No Labels) (Altitude).pdf ...
####################### metapost log file ########################
This is MetaPost, version 2.02 (TeX Live 2022) (kpathsea version 6.3.4)  14 JUN 2023 19:18
**data.mp
(/usr/local/texlive/2022/texmf-dist/metapost/base/mpost.mp
(/usr/local/texlive/2022/texmf-dist/metapost/base/plain.mp
Preloading the plain mem file, version 1.005) ) (./data.mp
{randomseed:=42}
 [1] [2] [3] [4]
[5] [6] [7] [8] [9] [10] [11] [12] [13] [14]
[1] [2] [3] [4] [5] [6]
[Warning: scrap outline intersects itself in scrap SNAKE_HEAD-xx0@trip_1_survey
.survey] [7] [8] [9] [10] [11] [12] (./mptextmp.mp) [13] (./mptextmp.mp)
(./mptextmp.mp) (./mptextmp.mp) (./mptextmp.mp) (./mptextmp.mp) (./mptextmp.mp)
(./mptextmp.mp) (./mptextmp.mp) (./mptextmp.mp) [14] [15] [16] [17] [18] [19]
[20] [21] [22] [23] [24] [25] [26] [27] [28] [29] [30] [31] [32] [33] [34]
[35] )
 
Here is how much of MetaPost's memory you used:
 6091 strings using 130945 characters
 3478688 bytes of node memory
 1876 symbolic tokens
 10i,82n,19p,460b,4f stack positions out of 16i,98n,22p,487b,6f
49 output files written: data-patt.1 .. data.35


#################### end of metapost log file ####################
converting scraps ... done
making map ... done
######################## pdftex log file #########################
This is pdfTeX, Version 3.141592653-2.6-1.40.24 (TeX Live 2022) (preloaded format=pdftex 2022.9.8)  14 JUN 2023 19:18
entering extended mode
 restricted \write18 enabled.
 %&-line parsing enabled.
**data.tex
(./data.tex (./th_enc.tex) (./th_texts.tex) (./th_resources.tex
(/usr/local/texlive/2022/texmf-dist/tex/generic/pdftex/glyphtounicode.tex))
(./th_fontdef.tex{/usr/local/texlive/2022/texmf-var/fonts/map/pdftex/updmap/pdf
tex.map}<<th_gour_aaaaaaa.dat>><<th_gour_aaaaaac.dat>><<th_gour_aaaaaaf.dat>>)
(./th_formdef.tex) (./th_pagedef.tex (./th_legendcolor.tex) (./th_legend.tex))
(./th_pages.tex)
 109 numeric registers used out of 32768
 [1] ) 
Here is how much of TeX's memory you used:
 338 strings out of 494594
 4525 string characters out of 6146452
 42586 words of memory out of 5000000
 1990 multiletter control sequences out of 15000+600000
 21229 words of font info for 66 fonts, out of 8000000 for 9000
 1416 hyphenation exceptions out of 8191
 12i,6n,7p,388b,76s stack positions out of 10000i,1000n,20000p,200000b,200000s
</usr/local/texlive/2022/texmf-dist/fonts/type1/public/amsfonts/cm/cmss10
.pfb></usr/local/texlive/2022/texmf-dist/fonts/type1/public/amsfonts/cm/cmssi10
.pfb>
Output written on data.pdf (1 page, 84755 bytes).
PDF statistics:
 153 PDF objects out of 1000 (max. 8388607)
 83 compressed objects within 1 object stream
 0 named destinations out of 1000 (max. 500000)
 425 words of extra memory for PDF output out of 10000 (max. 10000000)


##################### end of pdftex log file #####################
done


############### export maps & scraps selection #################
M   160.17 map_1@survey ()
M   160.17 trip_1_map@trip_1_survey.survey ()
S   160.10 SNAKE_HEAD-1p1@trip_1_survey.survey ()
S   159.40 trip_1_scrap@trip_1_survey.survey ()
S   161.01 SNAKE_HEAD-1p2@trip_1_survey.survey ()
########## end of export maps & scraps selection ###############
writing output/maps/final/Snakehead Cave Plan (Altitude).pdf ...
####################### metapost log file ########################
This is MetaPost, version 2.02 (TeX Live 2022) (kpathsea version 6.3.4)  14 JUN 2023 19:18
**data.mp
(/usr/local/texlive/2022/texmf-dist/metapost/base/mpost.mp
(/usr/local/texlive/2022/texmf-dist/metapost/base/plain.mp
Preloading the plain mem file, version 1.005) ) (./data.mp
{randomseed:=42}
 [1] [2] [3] [4]
[5] [6] [7] [8] [9] [10] [11] [12] [13] [14]
[1] [2] [3] [4] [5] [6]
[Warning: scrap outline intersects itself in scrap SNAKE_HEAD-xx0@trip_1_survey
.survey] [7] [8] [9] [10] [11] [12] (./mptextmp.mp) [13] (./mptextmp.mp)
(./mptextmp.mp) (./mptextmp.mp) (./mptextmp.mp) (./mptextmp.mp) (./mptextmp.mp)
(./mptextmp.mp) (./mptextmp.mp) (./mptextmp.mp) [14] [15] [16] [17] [18] [19]
[20] [21] [22] [23] [24] [25] [26] [27] [28] [29] [30] [31] [32] [33] [34]
[35] [36] )
 
Here is how much of MetaPost's memory you used:
 6104 strings using 131003 characters
 3479072 bytes of node memory
 1877 symbolic tokens
 10i,82n,19p,548b,5f stack positions out of 16i,98n,22p,608b,6f
50 output files written: data-patt.1 .. data.36


#################### end of metapost log file ####################
converting scraps ... done
making map ... done
######################## pdftex log file #########################
This is pdfTeX, Version 3.141592653-2.6-1.40.24 (TeX Live 2022) (preloaded format=pdftex 2022.9.8)  14 JUN 2023 19:18
entering extended mode
 restricted \write18 enabled.
 %&-line parsing enabled.
**data.tex
(./data.tex (./th_enc.tex) (./th_texts.tex) (./th_resources.tex
(/usr/local/texlive/2022/texmf-dist/tex/generic/pdftex/glyphtounicode.tex))
(./th_fontdef.tex{/usr/local/texlive/2022/texmf-var/fonts/map/pdftex/updmap/pdf
tex.map}<<th_gour_aaaaaaa.dat>><<th_gour_aaaaaac.dat>><<th_gour_aaaaaaf.dat>>)
(./th_formdef.tex) (./th_pagedef.tex (./th_legendcolor.tex) (./th_legend.tex))
(./th_pages.tex)
 110 numeric registers used out of 32768
 [1] ) 
Here is how much of TeX's memory you used:
 339 strings out of 494594
 4532 string characters out of 6146452
 42586 words of memory out of 5000000
 1991 multiletter control sequences out of 15000+600000
 21229 words of font info for 66 fonts, out of 8000000 for 9000
 1416 hyphenation exceptions out of 8191
 12i,6n,7p,388b,76s stack positions out of 10000i,1000n,20000p,200000b,200000s
</usr/local/texlive/2022/texmf-dist/fonts/type1/public/amsfonts/cm/cmss10
.pfb></usr/local/texlive/2022/texmf-dist/fonts/type1/public/amsfonts/cm/cmssi10
.pfb>
Output written on data.pdf (1 page, 85316 bytes).
PDF statistics:
 155 PDF objects out of 1000 (max. 8388607)
 84 compressed objects within 1 object stream
 0 named destinations out of 1000 (max. 500000)
 431 words of extra memory for PDF output out of 10000 (max. 10000000)


##################### end of pdftex log file #####################
done


############### export maps & scraps selection #################
M   160.17 map_1@survey ()
M   160.17 trip_1_map@trip_1_survey.survey ()
S   160.10 SNAKE_HEAD-1p1@trip_1_survey.survey ()
S   159.40 trip_1_scrap@trip_1_survey.survey ()
S   161.01 SNAKE_HEAD-1p2@trip_1_survey.survey ()
########## end of export maps & scraps selection ###############
writing output/maps/working/Snakehead Cave Plan (Working).pdf ...
####################### metapost log file ########################
This is MetaPost, version 2.02 (TeX Live 2022) (kpathsea version 6.3.4)  14 JUN 2023 19:18
**data.mp
(/usr/local/texlive/2022/texmf-dist/metapost/base/mpost.mp
(/usr/local/texlive/2022/texmf-dist/metapost/base/plain.mp
Preloading the plain mem file, version 1.005) ) (./data.mp
{randomseed:=42}
 [1] [2] [3] [4]
[5] [6] [7] [8] [9] [10] [11] [12] [13] [14]
[1] [2] [3] [4] [5] [6] [7] [8]
[Warning: scrap outline intersects itself in scrap SNAKE_HEAD-xx0@trip_1_survey
.survey] [9] [10] [11] [12] [13] [14] [15] (./mptextmp.mp) [16] [17] [18] [19]
[20] [21] [22] [23] [24] [25] [26] [27] [28] [29] [30] [31] [32] [33] [34]
[35] [36] [37] [38] )
 
Here is how much of MetaPost's memory you used:
 7212 strings using 165554 characters
 3472472 bytes of node memory
 1877 symbolic tokens
 9i,82n,20p,548b,5f stack positions out of 16i,98n,25p,608b,6f
52 output files written: data-patt.1 .. data.38


#################### end of metapost log file ####################
converting scraps ... done
making map ... done
######################## pdftex log file #########################
This is pdfTeX, Version 3.141592653-2.6-1.40.24 (TeX Live 2022) (preloaded format=pdftex 2022.9.8)  14 JUN 2023 19:18
entering extended mode
 restricted \write18 enabled.
 %&-line parsing enabled.
**data.tex
(./data.tex (./th_enc.tex) (./th_texts.tex) (./th_resources.tex
(/usr/local/texlive/2022/texmf-dist/tex/generic/pdftex/glyphtounicode.tex))
(./th_fontdef.tex{/usr/local/texlive/2022/texmf-var/fonts/map/pdftex/updmap/pdf
tex.map})
(./th_formdef.tex) (./th_pagedef.tex (./th_legend.tex)) (./th_pages.tex)
 103 numeric registers used out of 32768

[1] ) 
Here is how much of TeX's memory you used:
 329 strings out of 494594
 4445 string characters out of 6146452
 41822 words of memory out of 5000000
 1984 multiletter control sequences out of 15000+600000
 21229 words of font info for 66 fonts, out of 8000000 for 9000
 1416 hyphenation exceptions out of 8191
 12i,5n,7p,319b,76s stack positions out of 10000i,1000n,20000p,200000b,200000s
</usr/local/texlive/2022/texmf-dist/fonts/type1/public/amsfonts/cm/cmss10.
pfb></usr/local/texlive/2022/texmf-dist/fonts/type1/public/amsfonts/cm/cmssi10.
pfb>
Output written on data.pdf (1 page, 82967 bytes).
PDF statistics:
 143 PDF objects out of 1000 (max. 8388607)
 75 compressed objects within 1 object stream
 0 named destinations out of 1000 (max. 500000)
 383 words of extra memory for PDF output out of 10000 (max. 10000000)


##################### end of pdftex log file #####################
done


############### export maps & scraps selection #################
M   160.17 map_1@survey ()
M   160.17 trip_1_map@trip_1_survey.survey ()
S   160.10 SNAKE_HEAD-1p1@trip_1_survey.survey ()
S   159.40 trip_1_scrap@trip_1_survey.survey ()
S   161.01 SNAKE_HEAD-1p2@trip_1_survey.survey ()
########## end of export maps & scraps selection ###############
writing output/maps/working/Snakehead Cave Plan (Working Altitude).pdf ...
####################### metapost log file ########################
This is MetaPost, version 2.02 (TeX Live 2022) (kpathsea version 6.3.4)  14 JUN 2023 19:18
**data.mp
(/usr/local/texlive/2022/texmf-dist/metapost/base/mpost.mp
(/usr/local/texlive/2022/texmf-dist/metapost/base/plain.mp
Preloading the plain mem file, version 1.005) ) (./data.mp
{randomseed:=42}
 [1] [2] [3] [4]
[5] [6] [7] [8] [9] [10] [11] [12] [13] [14]
[1] [2] [3] [4] [5] [6] [7] [8]
[Warning: scrap outline intersects itself in scrap SNAKE_HEAD-xx0@trip_1_survey
.survey] [9] [10] [11] [12] [13] [14] [15] (./mptextmp.mp) [16] (./mptextmp.mp)
(./mptextmp.mp) (./mptextmp.mp) (./mptextmp.mp) (./mptextmp.mp) (./mptextmp.mp)
(./mptextmp.mp) (./mptextmp.mp) (./mptextmp.mp) [17] [18] [19] [20] [21] [22]
[23] [24] [25] [26] [27] [28] [29] [30] [31] [32] [33] [34] [35] [36] [37]
[38] [39] )
 
Here is how much of MetaPost's memory you used:
 7386 strings using 169680 characters
 3491104 bytes of node memory
 1878 symbolic tokens
 10i,82n,20p,548b,5f stack positions out of 16i,98n,25p,608b,6f
53 output files written: data-patt.1 .. data.39


#################### end of metapost log file ####################
converting scraps ... done
making map ... done
######################## pdftex log file #########################
This is pdfTeX, Version 3.141592653-2.6-1.40.24 (TeX Live 2022) (preloaded format=pdftex 2022.9.8)  14 JUN 2023 19:18
entering extended mode
 restricted \write18 enabled.
 %&-line parsing enabled.
**data.tex
(./data.tex (./th_enc.tex) (./th_texts.tex) (./th_resources.tex
(/usr/local/texlive/2022/texmf-dist/tex/generic/pdftex/glyphtounicode.tex))
(./th_fontdef.tex{/usr/local/texlive/2022/texmf-var/fonts/map/pdftex/updmap/pdf
tex.map}<<th_gour_aaaaaaa.dat>><<th_gour_aaaaaac.dat>><<th_gour_aaaaaaf.dat>>)
(./th_formdef.tex) (./th_pagedef.tex (./th_legendcolor.tex) (./th_legend.tex))
(./th_pages.tex)
 113 numeric registers used out of 32768
 [1] ) 
Here is how much of TeX's memory you used:
 342 strings out of 494594
 4565 string characters out of 6146452
 42398 words of memory out of 5000000
 1994 multiletter control sequences out of 15000+600000
 21229 words of font info for 66 fonts, out of 8000000 for 9000
 1416 hyphenation exceptions out of 8191
 12i,6n,7p,388b,76s stack positions out of 10000i,1000n,20000p,200000b,200000s
</usr/local/texlive/2022/texmf-dist/fonts/type1/public/amsfonts/cm/cmss10
.pfb></usr/local/texlive/2022/texmf-dist/fonts/type1/public/amsfonts/cm/cmssi10
.pfb>
Output written on data.pdf (1 page, 88002 bytes).
PDF statistics:
 161 PDF objects out of 1000 (max. 8388607)
 87 compressed objects within 1 object stream
 0 named destinations out of 1000 (max. 500000)
 449 words of extra memory for PDF output out of 10000 (max. 10000000)


##################### end of pdftex log file #####################
done
writing output/leads/Snakehead Cave Leads.html ... done
writing xtherion file ... done
compilation time: 6 sec


###################### scrap distortions #######################
 PROJECTION: plan
 AVERAGE  MAXIMAL  SCRAP
   0.19%    3.50%  trip_1_scrap@trip_1_survey.survey
   0.47%    2.55%  SNAKE_HEAD-1p2@trip_1_survey.survey
   0.09%    0.27%  SNAKE_HEAD-1p1@trip_1_survey.survey
################### end of scrap distortions ###################

############# CRS transformations chosen by PROJ ###############
  Area of Use (AoU): (-86.686, 36.069) (-86.686, 36.069)
  [LAT-LONG → LAT-LONG] AoU: [no] transformation: [axis order change (2D) + Null geographic offset from WGS 84 to WGS 84 + axis order change (2D)] definition: [proj=noop ellps=GRS80] accuracy: [0.000 m]
  [LAT-LONG → LAT-LONG] AoU: [yes] transformation: [axis order change (2D) + Null geographic offset from WGS 84 to WGS 84 + axis order change (2D)] definition: [proj=noop ellps=GRS80] accuracy: [0.000 m]
  [LAT-LONG → UTM16] AoU: [yes] transformation: [axis order change (2D) + UTM zone 16N] definition: [proj=pipeline step proj=unitconvert xy_in=deg xy_out=rad step proj=utm zone=16 ellps=WGS84] accuracy: [0.000 m]
  [LAT-LONG → EPSG:4326] AoU: [yes] transformation: [axis order change (2D) + Null geographic offset from WGS 84 to WGS 84 + axis order change (2D)] definition: [proj=noop ellps=GRS80] accuracy: [0.000 m]
  [UTM16 → LONG-LAT] AoU: [yes] transformation: [Inverse of UTM zone 16N + axis order change (2D)] definition: [proj=pipeline step inv proj=utm zone=16 ellps=WGS84 step proj=unitconvert xy_in=rad xy_out=deg] accuracy: [0.000 m]
  [UTM16 → EPSG:4326] AoU: [yes] transformation: [Inverse of UTM zone 16N + axis order change (2D)] definition: [proj=pipeline step inv proj=utm zone=16 ellps=WGS84 step proj=unitconvert xy_in=rad xy_out=deg] accuracy: [0.000 m]
  [EPSG:4326 → UTM16] AoU: [yes] transformation: [axis order change (2D) + UTM zone 16N] definition: [proj=pipeline step proj=unitconvert xy_in=deg xy_out=rad step proj=utm zone=16 ellps=WGS84] accuracy: [0.000 m]
########## end of CRS transformations chosen by PROJ ###########
